<?xml version="1.0" encoding="UTF-8"?>
<!-- Generated by org.testng.reporters.JUnitReportReporter -->
<testsuite hostname="AcerAspire5" failures="0" tests="2" name="pwd_learning.Tests.SubmitOrderTest" time="28.800" errors="0" timestamp="2023-02-27T12:02:18 EET" skipped="0">
  <testcase classname="pwd_learning.Tests.SubmitOrderTest" name="submitOrder" time="13.734"/>
  <system-out/>
  <testcase classname="pwd_learning.Tests.SubmitOrderTest" name="submitOrder" time="15.066"/>
  <system-out/>
</testsuite> <!-- pwd_learning.Tests.SubmitOrderTest -->
