<?xml version="1.0" encoding="UTF-8"?>
<!-- Generated by org.testng.reporters.JUnitReportReporter -->
<testsuite hostname="AcerAspire5" failures="0" tests="1" name="pwd_learning.Tests.ErrorValidations" time="6.011" errors="0" timestamp="2023-03-21T02:19:17 EET" skipped="0">
  <testcase classname="pwd_learning.Tests.ErrorValidations" name="loginErrorValidation" time="6.011"/>
  <system-out/>
</testsuite> <!-- pwd_learning.Tests.ErrorValidations -->
