<?xml version="1.0" encoding="UTF-8"?>
<!-- Generated by org.testng.reporters.JUnitReportReporter -->
<testsuite hostname="AcerAspire5" failures="0" tests="4" name="pwd_learning.Tests.StandAloneTest" time="40.757" errors="0" timestamp="2023-02-21T19:56:27 EET" skipped="0">
  <testcase classname="pwd_learning.Tests.StandAloneTest" name="orderHistoryTest" time="7.280"/>
  <system-out/>
  <testcase classname="pwd_learning.Tests.StandAloneTest" name="orderHistoryTest" time="5.745"/>
  <system-out/>
  <testcase classname="pwd_learning.Tests.StandAloneTest" name="submitOrder" time="14.004"/>
  <system-out/>
  <testcase classname="pwd_learning.Tests.StandAloneTest" name="submitOrder" time="13.728"/>
  <system-out/>
</testsuite> <!-- pwd_learning.Tests.StandAloneTest -->
