<?xml version="1.0" encoding="UTF-8"?>
<!-- Generated by org.testng.reporters.JUnitReportReporter -->
<testsuite hostname="AcerAspire5" failures="0" tests="3" name="cucumber.TestNGTestRunner" time="31.746" errors="0" timestamp="2023-02-25T21:04:15 EET" skipped="0">
  <testcase classname="cucumber.TestNGTestRunner" name="runScenario" time="10.519"/>
  <system-out/>
  <testcase classname="cucumber.TestNGTestRunner" name="runScenario" time="7.302"/>
  <system-out/>
  <testcase classname="cucumber.TestNGTestRunner" name="runScenario" time="13.925"/>
  <system-out/>
</testsuite> <!-- cucumber.TestNGTestRunner -->
