<?xml version="1.0" encoding="UTF-8"?>
<!-- Generated by org.testng.reporters.JUnitReportReporter -->
<testsuite hostname="AcerAspire5" failures="0" tests="2" name="tests.SubmitOrderTest" time="28.348" errors="0" timestamp="2023-04-08T16:34:40 EEST" skipped="0">
  <testcase classname="tests.SubmitOrderTest" name="submitOrder" time="14.438"/>
  <system-out/>
  <testcase classname="tests.SubmitOrderTest" name="submitOrder" time="13.910"/>
  <system-out/>
</testsuite> <!-- tests.SubmitOrderTest -->
