<?xml version="1.0" encoding="UTF-8"?>
<!-- Generated by org.testng.reporters.JUnitReportReporter -->
<testsuite hostname="AcerAspire5" failures="0" tests="1" name="tests.ErrorValidations" time="6.704" errors="0" timestamp="2023-04-08T16:20:57 EEST" skipped="0">
  <testcase classname="tests.ErrorValidations" name="loginErrorValidation" time="6.704"/>
  <system-out/>
</testsuite> <!-- tests.ErrorValidations -->
