<?xml version="1.0" encoding="UTF-8"?>
<!-- Generated by org.testng.reporters.JUnitReportReporter -->
<testsuite hostname="AcerAspire5" failures="0" tests="2" name="tests.SubmitOrderTest" time="28.737" errors="0" timestamp="2023-04-08T16:20:31 EEST" skipped="0">
  <testcase classname="tests.SubmitOrderTest" name="submitOrder" time="14.954"/>
  <system-out/>
  <testcase classname="tests.SubmitOrderTest" name="submitOrder" time="13.783"/>
  <system-out/>
</testsuite> <!-- tests.SubmitOrderTest -->
