<?xml version="1.0" encoding="UTF-8"?>
<!-- Generated by org.testng.reporters.JUnitReportReporter -->
<testsuite hostname="AcerAspire5" failures="0" tests="4" name="pwd_learning.Tests.StandAloneTest" time="41.682" errors="0" timestamp="2023-02-25T14:02:56 EET" skipped="0">
  <testcase classname="pwd_learning.Tests.StandAloneTest" name="submitOrder" time="14.192"/>
  <system-out/>
  <testcase classname="pwd_learning.Tests.StandAloneTest" name="orderHistoryTest" time="5.815"/>
  <system-out/>
  <testcase classname="pwd_learning.Tests.StandAloneTest" name="submitOrder" time="15.434"/>
  <system-out/>
  <testcase classname="pwd_learning.Tests.StandAloneTest" name="orderHistoryTest" time="6.241"/>
  <system-out/>
</testsuite> <!-- pwd_learning.Tests.StandAloneTest -->
