<?xml version="1.0" encoding="UTF-8"?>
<!-- Generated by org.testng.reporters.JUnitReportReporter -->
<testsuite hostname="AcerAspire5" failures="0" tests="3" name="tests.ErrorValidations" time="51.819" errors="0" timestamp="2023-04-08T16:19:21 EEST" skipped="1">
  <testcase classname="tests.ErrorValidations" name="productErrorValidation" time="32.529">
    <skipped/>
  </testcase> <!-- productErrorValidation -->
  <system-out/>
  <testcase classname="tests.ErrorValidations" name="productErrorValidation" time="13.879"/>
  <system-out/>
  <testcase classname="tests.ErrorValidations" name="loginErrorValidation" time="5.411"/>
  <system-out/>
</testsuite> <!-- tests.ErrorValidations -->
